2:<div style="display: none;">
13:<div style="display: flex; flex-wrap: wrap; gap: 8px; margin-top: 16px; align-items: center; flex-wrap: wrap;">
15:  <div style="display: flex; gap: 8px;">
21:  <div style="display: flex; gap: 8px;">
28:  <div style="display: flex; gap: 8px; margin-top: 8px; flex-wrap: wrap;">
59:<div style="display: grid; grid-template-columns: repeat(auto-fit, minmax(280px, 1fr)); gap: 16px; margin-top: 24px;">
60:  <div style="background: linear-gradient(135deg, #667eea 0%, #764ba2 100%); padding: 20px; border-radius: 12px; color: white; box-shadow: 0 4px 6px rgba(0,0,0,0.1);">
61:    <div style="font-size: 2rem;">📝</div>
66:  <div style="background: linear-gradient(135deg, #f093fb 0%, #f5576c 100%); padding: 20px; border-radius: 12px; color: white; box-shadow: 0 4px 6px rgba(0,0,0,0.1);">
67:    <div style="font-size: 2rem;">📊</div>
72:  <div style="background: linear-gradient(135deg, #4facfe 0%, #00f2fe 100%); padding: 20px; border-radius: 12px; color: white; box-shadow: 0 4px 6px rgba(0,0,0,0.1);">
73:    <div style="font-size: 2rem;">📶</div>
78:  <div style="background: linear-gradient(135deg, #43e97b 0%, #38f9d7 100%); padding: 20px; border-radius: 12px; color: white; box-shadow: 0 4px 6px rgba(0,0,0,0.1);">
79:    <div style="font-size: 2rem;">📱</div>
84:  <div style="background: linear-gradient(135deg, #fa709a 0%, #fee140 100%); padding: 20px; border-radius: 12px; color: white; box-shadow: 0 4px 6px rgba(0,0,0,0.1);">
85:    <div style="font-size: 2rem;">🔗</div>
95:<div style="display: flex; align-items: flex-start; gap: 12px; margin-top: 16px;">
96:  <div style="background: #e0f2fe; border: 1px solid #7dd3fc; border-radius: 6px; padding: 8px; font-size: 1.5rem;">📦</div>
97:  <div style="flex: 1;">
111:<div style="background: #1e1e1e; border-radius: 12px; padding: 24px; margin-top: 24px; font-family: 'Courier New', monospace; box-shadow: 0 4px 12px rgba(0,0,0,0.15); border: 1px solid #333;">
112:  <div style="display: flex; align-items: center; gap: 8px; margin-bottom: 16px; padding-bottom: 12px; border-bottom: 2px solid #333;">
113:    <div style="width: 12px; height: 12px; background: #ff5f56; border-radius: 50%;"></div>
114:    <div style="width: 12px; height: 12px; background: #ffbd2e; border-radius: 50%;"></div>
115:    <div style="width: 12px; height: 12px; background: #27ca40; border-radius: 50%;"></div>
119:  <div style="display: flex; align-items: center; gap: 12px; margin-bottom: 16px;">
125:  <div style="display: flex; align-items: center; gap: 12px;">
131:  <div style="display: flex; align-items: center; gap: 12px; margin-top: 12px;">
138:<div style="margin-top: 16px; padding: 16px; background: linear-gradient(135deg, rgba(102, 126, 234, 0.1) 0%, rgba(118, 75, 162, 0.1) 100%); border-left: 4px solid #667eea; border-radius: 4px;">
168:<div style="margin-top: 24px; background: #f8f9fa; border: 2px dashed #dee2e6; border-radius: 8px; padding: 20px;">
169:  <div style="text-align: center; color: #6c757d;">
170:    <div style="font-size: 3rem; margin-bottom: 8px;">🔮</div>
242:<div style="background: linear-gradient(135deg, #fef3c7 0%, #fde68a 100%); border-radius: 12px; padding: 24px; margin-top: 24px;">
243:  <div style="display: flex; align-items: center; gap: 12px; margin-bottom: 16px;">
244:    <div style="width: 48px; height: 48px; background: linear-gradient(135deg, #f59e0b 0%, #d97706 100%); border-radius: 8px; display: flex; align-items: center; justify-content: center; font-size: 1.5rem;">💡</div>
245:    <div>
251:  <div style="margin-top: 20px; display: grid; gap: 16px;">
252:    <div style="background: white; padding: 16px; border-radius: 8px; border-left: 4px solid #f59e0b;">
255:      <div style="background: #1e1e1e; border-radius: 6px; padding: 12px; font-family: 'Courier New', monospace; font-size: 0.85rem;">
256:        <div style="display: flex; align-items: center; gap: 12px;">
263:    <div style="background: white; padding: 16px; border-radius: 8px; border-left: 4px solid #10b981;">
266:      <div style="background: #1e1e1e; border-radius: 6px; padding: 12px; font-family: 'Courier New', monospace; font-size: 0.85rem;">
267:        <div style="display: flex; align-items: center; gap: 12px;">
274:    <div style="background: white; padding: 16px; border-radius: 8px; border-left: 4px solid #3b82f6;">
277:      <div style="background: #1e1e1e; border-radius: 6px; padding: 12px; font-family: 'Courier New', monospace; font-size: 0.85rem;">
278:        <div style="display: flex; align-items: center; gap: 12px;">
285:    <div style="background: white; padding: 16px; border-radius: 8px; border-left: 4px solid #ec4899;">
288:      <div style="background: #1e1e1e; border-radius: 6px; padding: 12px; font-family: 'Courier New', monospace; font-size: 0.85rem;">
289:        <div style="display: flex; align-items: center; gap: 12px;">
302:<div style="display: flex; flex-direction: column; gap: 16px; margin-top: 24px;">
350:<div style="background: linear-gradient(135deg, #e0e7ff 0%, #f3e8ff 100%); border-radius: 12px; padding: 24px; margin-top: 24px;">
351:  <div style="display: flex; align-items: center; gap: 12px; margin-bottom: 16px;">
352:    <div style="width: 48px; height: 48px; background: linear-gradient(135deg, #667eea 0%, #764ba2 100%); border-radius: 8px; display: flex; align-items: center; justify-content: center; font-size: 1.5rem;">🔐</div>
353:    <div>
359:  <div style="margin-top: 20px; display: grid; grid-template-columns: repeat(auto-fit, minmax(250px, 1fr)); gap: 16px;">
360:    <div style="background: white; padding: 16px; border-radius: 8px; text-align: center;">
361:      <div style="font-size: 2rem; margin-bottom: 8px;">📤</div>
365:    <div style="background: white; padding: 16px; border-radius: 8px; text-align: center;">
366:      <div style="font-size: 2rem; margin-bottom: 8px;">📥</div>
377:<div style="display: grid; grid-template-columns: repeat(auto-fit, minmax(300px, 1fr)); gap: 16px; margin-top: 24px;">
378:  <div style="background: #1e1e1e; border-radius: 12px; padding: 20px; color: white;">
379:    <div style="display: flex; align-items: center; gap: 12px; margin-bottom: 12px;">
380:      <div style="width: 40px; height: 40px; background: #28a745; border-radius: 8px; display: flex; align-items: center; justify-content: center;">🔍</div>
383:    <div style="background: #333; border-radius: 6px; padding: 12px; font-family: 'Courier New', monospace; font-size: 0.85rem;">
388:  <div style="background: #1e1e1e; border-radius: 12px; padding: 20px; color: white;">
389:    <div style="display: flex; align-items: center; gap: 12px; margin-bottom: 12px;">
390:      <div style="width: 40px; height: 40px; background: #28a745; border-radius: 8px; display: flex; align-items: center; justify-content: center;">🏗️</div>
393:    <div style="background: #333; border-radius: 6px; padding: 12px; font-family: 'Courier New', monospace; font-size: 0.85rem;">
403:<div style="display: grid; grid-template-columns: repeat(auto-fit, minmax(220px, 1fr)); gap: 16px; margin-top: 24px;">
405:  <div style="background: linear-gradient(135deg, #333 0%, #1a1a1a 100%); border-radius: 12px; padding: 20px; color: white;">
406:    <div style="display: flex; align-items: center; gap: 12px; margin-bottom: 16px;">
407:      <div style="background: #61dafb; width: 40px; height: 40px; border-radius: 8px; display: flex; align-items: center; justify-content: center; font-size: 1.2rem;">⚛️</div>
408:      <div>
413:    <div style="display: flex; flex-wrap: wrap; gap: 8px;">
419:  <div style="background: linear-gradient(135deg, #333 0%, #1a1a1a 100%); border-radius: 12px; padding: 20px; color: white;">
420:    <div style="display: flex; align-items: center; gap: 12px; margin-bottom: 16px;">
421:      <div style="background: #3b82f6; width: 40px; height: 40px; border-radius: 8px; display: flex; align-items: center; justify-content: center; font-size: 1.2rem;">🎨</div>
422:      <div>
427:    <div style="display: flex; flex-wrap: wrap; gap: 8px;">
434:  <div style="background: linear-gradient(135deg, #333 0%, #1a1a1a 100%); border-radius: 12px; padding: 20px; color: white;">
435:    <div style="display: flex; align-items: center; gap: 12px; margin-bottom: 16px;">
436:      <div style="background: #10b981; width: 40px; height: 40px; border-radius: 8px; display: flex; align-items: center; justify-content: center; font-size: 1.2rem;">🗄️</div>
437:      <div>
442:    <div style="display: flex; flex-wrap: wrap; gap: 8px;">
449:  <div style="background: linear-gradient(135deg, #333 0%, #1a1a1a 100%); border-radius: 12px; padding: 20px; color: white;">
450:    <div style="display: flex; align-items: center; gap: 12px; margin-bottom: 16px;">
451:      <div style="background: #8b5cf6; width: 40px; height: 40px; border-radius: 8px; display: flex; align-items: center; justify-content: center; font-size: 1.2rem;">⚡</div>
452:      <div>
457:    <div style="display: flex; flex-wrap: wrap; gap: 8px;">
463:  <div style="background: linear-gradient(135deg, #333 0%, #1a1a1a 100%); border-radius: 12px; padding: 20px; color: white;">
464:    <div style="display: flex; align-items: center; gap: 12px; margin-bottom: 16px;">
465:      <div style="background: #3178c6; width: 40px; height: 40px; border-radius: 8px; display: flex; align-items: center; justify-content: center; font-size: 1.2rem;">🟦</div>
466:      <div>
471:    <div style="display: flex; flex-wrap: wrap; gap: 8px;">
481:<div style="display: flex; align-items: flex-start; gap: 12px; margin-top: 16px;">
482:  <div style="background: #fee2e2; border: 1px solid #fca5a5; border-radius: 6px; padding: 8px; font-size: 1.5rem;">🐛</div>
483:  <div style="flex: 1;">
494:<div style="margin-top: 32px; display: flex; align-items: center; gap: 16px; padding: 16px; background: #fef3c7; border-left: 4px solid #f59e0b; border-radius: 4px; flex-wrap: wrap;">
496:  <div style="flex: 1;">
510:<div style="background: linear-gradient(135deg, #f0fdf4 0%, #dcfce7 100%); border-radius: 12px; padding: 24px; margin-top: 24px;">
511:  <div style="display: flex; align-items: center; gap: 12px; margin-bottom: 16px;">
512:    <div style="width: 48px; height: 48px; background: linear-gradient(135deg, #16a34a 0%, #15803d 100%); border-radius: 8px; display: flex; align-items: center; justify-content: center; font-size: 1.5rem;">📝</div>
513:    <div>
519:  <div style="margin-top: 16px; display: grid; gap: 16px;">
520:    <div style="background: white; padding: 16px; border-radius: 8px; border-left: 4px solid #22c55e;">
521:      <div style="display: flex; align-items: center; gap: 12px; margin-bottom: 8px;">
536:  <div style="margin-top: 24px; text-align: center;">
545:<div style="background: linear-gradient(135deg, #dcfce7 0%, #bbf7d0 100%); border-radius: 12px; padding: 24px; margin-top: 24px;">
546:  <div style="display: flex; align-items: center; gap: 12px; margin-bottom: 16px;">
547:    <div style="width: 48px; height: 48px; background: linear-gradient(135deg, #16a34a 0%, #15803d 100%); border-radius: 8px; display: flex; align-items: center; justify-content: center; font-size: 1.5rem;">🤝</div>
548:    <div>
554:  <div style="margin-top: 20px; display: grid; grid-template-columns: repeat(auto-fit, minmax(250px, 1fr)); gap: 16px;">
555:    <div style="background: white; padding: 16px; border-radius: 8px; text-align: center;">
556:      <div style="font-size: 2rem; margin-bottom: 8px;">📋</div>
560:    <div style="background: white; padding: 16px; border-radius: 8px; text-align: center;">
561:      <div style="font-size: 2rem; margin-bottom: 8px;">🔨</div>
565:    <div style="background: white; padding: 16px; border-radius: 8px; text-align: center;">
566:      <div style="font-size: 2rem; margin-bottom: 8px;">📝</div>
570:    <div style="background: white; padding: 16px; border-radius: 8px; text-align: center;">
571:      <div style="font-size: 2rem; margin-bottom: 8px;">📤</div>
575:    <div style="background: white; padding: 16px; border-radius: 8px; text-align: center;">
576:      <div style="font-size: 2rem; margin-bottom: 8px;">🔀</div>
582:  <div style="margin-top: 24px; background: #f3f4f6; border-radius: 8px; padding: 16px;">
597:<div style="background: linear-gradient(135deg, #e0e7ff 0%, #c7d2fe 100%); border-radius: 12px; padding: 24px; margin-top: 24px;">
598:  <div style="display: flex; align-items: center; gap: 12px; margin-bottom: 16px;">
599:    <div style="width: 48px; height: 48px; background: linear-gradient(135deg, #4f46e5 0%, #4338ca 100%); border-radius: 8px; display: flex; align-items: center; justify-content: center; font-size: 1.5rem;">📜</div>
600:    <div>
606:  <div style="margin-top: 16px; background: white; border-radius: 8px; padding: 16px; font-family: 'Courier New', monospace; font-size: 0.85rem; overflow-x: auto;">
639:<div style="margin-top: 48px; padding: 32px; background: linear-gradient(135deg, #667eea 0%, #764ba2 100%); border-radius: 16px; color: white; text-align: center;">
640:  <div style="font-size: 3rem; margin-bottom: 16px;">🌟</div>
643:  <div style="display: flex; justify-content: center; gap: 16px; flex-wrap: wrap;">
658:<div style="margin-top: 32px; display: flex; justify-content: space-between; align-items: center; padding-top: 32px; border-top: 2px solid #e5e7eb; flex-wrap: wrap; gap: 16px;">
659:  <div style="display: flex; align-items: center; gap: 8px; color: #6b7280; flex-wrap: wrap;">
665:  <div style="display: flex; align-items: center; gap: 16px; flex-wrap: wrap;">
